[data4gsieutoc.com/img/banner_share.jpg]
[backblue.gif]
[fade.gif]
[index.html]
[data4gsieutoc.com/favicon.ico]
[stackpath.bootstrapcdn.com/bootstrap/4.3.1/css/bootstrap.min.css]
[use.fontawesome.com/releases/v5.8.1/css/all.css]
[www.google-analytics.com/analytics.js]
[data4gsieutoc.com/img/logo-4g-st.png]
[data4gsieutoc.com/img/banner.jpg]
[ajax.googleapis.com/ajax/libs/jquery/3.3.1/jquery.min.js]
[cdnjs.cloudflare.com/ajax/libs/popper.js/1.14.7/umd/popper.min.js]
[maxcdn.bootstrapcdn.com/bootstrap/4.3.1/js/bootstrap.min.js]
[data4gsieutoc.com/index.html]
[stackpath.bootstrapcdn.com/bootstrap/4.3.1/css/bootstrap.min.css]
[use.fontawesome.com/releases/v5.8.1/css/all.css]
[data4gsieutoc.com/img/viettel8.jpg]
[data4gsieutoc.com/style.css]
[data4gsieutoc.com/data-theo-ngay.html]
[data4gsieutoc.com/goi-data-dcom.html]
[data4gsieutoc.com/goi-combo.html]
